2020-04-03 16:42:39,077 [Worker-10: Loading available Gradle versions] INFO  o.e.b.c.i.u.g.PublishedGradleVersions - Gradle version information cache is up-to-date. Trying to read.
2020-04-08 07:55:04,980 [Worker-11: Loading available Gradle versions] INFO  o.e.b.c.i.u.g.PublishedGradleVersions - Gradle version information cache is up-to-date. Trying to read.
2020-04-08 08:30:11,769 [ModalContext] ERROR o.e.m.c.u.i.wizards.MavenPomWizard - Unable to create POM /Users/yuenfannie/JSFApplication/KnowledgeAccelerator/pom.xml; Path must include project and resource name: /KnowledgeAccelerator
java.lang.IllegalArgumentException: Path must include project and resource name: /KnowledgeAccelerator
	at org.eclipse.core.runtime.Assert.isLegal(Assert.java:66) ~[org.eclipse.equinox.common_3.10.600.v20191004-1420.jar:na]
	at org.eclipse.core.internal.resources.Workspace.newResource(Workspace.java:2122) ~[na:na]
	at org.eclipse.core.internal.resources.Container.getFolder(Container.java:205) ~[na:na]
	at org.eclipse.m2e.jdt.internal.JavaProjectConversionParticipant.configureBuildSourceDirectories(JavaProjectConversionParticipant.java:287) ~[na:na]
	at org.eclipse.m2e.jdt.internal.JavaProjectConversionParticipant.convert(JavaProjectConversionParticipant.java:117) ~[na:na]
	at org.eclipse.m2e.core.internal.project.conversion.ProjectConversionManager.convert(ProjectConversionManager.java:145) ~[na:na]
	at org.eclipse.m2e.core.ui.internal.wizards.MavenPomWizard.doFinish(MavenPomWizard.java:142) ~[org.eclipse.m2e.core.ui_1.14.0.20191209-1925.jar:na]
	at org.eclipse.m2e.core.ui.internal.wizards.MavenPomWizard.lambda$0(MavenPomWizard.java:94) ~[org.eclipse.m2e.core.ui_1.14.0.20191209-1925.jar:na]
	at org.eclipse.jface.operation.ModalContext$ModalContextThread.run(ModalContext.java:122) ~[org.eclipse.jface_3.18.0.v20191122-2109.jar:na]
2020-04-08 08:30:11,989 [Worker-2: Enabling Maven Dependency Management] INFO  o.e.m.c.i.p.ProjectConfigurationManager - Update started
2020-04-08 08:30:11,990 [Worker-2: Enabling Maven Dependency Management] INFO  o.e.m.c.i.p.ProjectConfigurationManager - Update completed: 0 sec
2020-04-08 08:38:08,471 [Worker-4: Loading available Gradle versions] INFO  o.e.b.c.i.u.g.PublishedGradleVersions - Gradle version information cache is up-to-date. Trying to read.
2020-04-08 09:04:11,095 [Worker-25: Enabling Maven Dependency Management] INFO  o.e.m.c.i.l.LifecycleMappingFactory - Using org.maven.ide.eclipse.wtp.WarLifecycleMapping lifecycle mapping for MavenProject: KnowledgeAccelerator:KnowledgeAccelerator:0.0.1-SNAPSHOT @ /Users/yuenfannie/JSFApplication/KnowledgeAccelerator/pom.xml.
2020-04-08 09:04:13,177 [Worker-23: Building] WARN  o.e.m.c.i.embedder.EclipseLogger - Using platform encoding (UTF-8 actually) to copy filtered resources, i.e. build is platform dependent!
2020-04-08 09:04:13,197 [Worker-23: Building] INFO  o.e.m.c.i.embedder.EclipseLogger - skip non existing resourceDirectory /Users/yuenfannie/JSFApplication/KnowledgeAccelerator/src/main/resources
2020-04-08 09:04:13,201 [Worker-23: Building] WARN  o.e.m.c.i.embedder.EclipseLogger - Using platform encoding (UTF-8 actually) to copy filtered resources, i.e. build is platform dependent!
2020-04-08 09:04:13,202 [Worker-23: Building] INFO  o.e.m.c.i.embedder.EclipseLogger - skip non existing resourceDirectory /Users/yuenfannie/JSFApplication/KnowledgeAccelerator/src/test/resources
2020-04-08 09:04:13,240 [Worker-25: Enabling Maven Dependency Management] INFO  o.e.m.j.i.AbstractJavaProjectConfigurator - Adding source folder /KnowledgeAccelerator/src
2020-04-08 09:04:13,241 [Worker-25: Enabling Maven Dependency Management] INFO  o.e.m.j.i.AbstractJavaProjectConfigurator - Not adding source folder /KnowledgeAccelerator/src/test/java because it overlaps with /KnowledgeAccelerator/src
2020-04-08 09:04:13,514 [Worker-25: Enabling Maven Dependency Management] INFO  o.e.m.c.i.p.ProjectConfigurationManager - Update started
2020-04-08 09:04:13,960 [Worker-25: Enabling Maven Dependency Management] INFO  o.e.m.c.i.l.LifecycleMappingFactory - Using org.maven.ide.eclipse.wtp.WarLifecycleMapping lifecycle mapping for MavenProject: KnowledgeAccelerator:KnowledgeAccelerator:0.0.1-SNAPSHOT @ /Users/yuenfannie/JSFApplication/KnowledgeAccelerator/pom.xml.
2020-04-08 09:04:15,381 [Worker-24: Building] WARN  o.e.m.c.i.embedder.EclipseLogger - Using platform encoding (UTF-8 actually) to copy filtered resources, i.e. build is platform dependent!
2020-04-08 09:04:15,382 [Worker-24: Building] INFO  o.e.m.c.i.embedder.EclipseLogger - skip non existing resourceDirectory /Users/yuenfannie/JSFApplication/KnowledgeAccelerator/src/main/resources
2020-04-08 09:04:15,386 [Worker-24: Building] WARN  o.e.m.c.i.embedder.EclipseLogger - Using platform encoding (UTF-8 actually) to copy filtered resources, i.e. build is platform dependent!
2020-04-08 09:04:15,387 [Worker-24: Building] INFO  o.e.m.c.i.embedder.EclipseLogger - skip non existing resourceDirectory /Users/yuenfannie/JSFApplication/KnowledgeAccelerator/src/test/resources
2020-04-08 09:04:15,388 [Worker-24: Building] INFO  o.e.m.w.i.f.ResourceFilteringBuildParticipant - Changed resources require a complete clean of filtered resources of KnowledgeAccelerator
2020-04-08 09:04:15,388 [Worker-24: Building] INFO  o.e.m.w.i.f.ResourceFilteringBuildParticipant - Executing resource filtering for KnowledgeAccelerator
2020-04-08 09:04:15,395 [Worker-24: Building] WARN  o.e.m.c.i.embedder.EclipseLogger - The POM for org.apache.maven.plugins:maven-clean-plugin:jar:2.5 is missing, no dependency information available
2020-04-08 09:04:15,402 [Worker-24: Building] WARN  o.e.m.c.i.embedder.EclipseLogger - Using platform encoding (UTF-8 actually) to copy filtered resources, i.e. build is platform dependent!
2020-04-08 09:04:15,431 [Worker-25: Enabling Maven Dependency Management] INFO  o.e.m.j.i.AbstractJavaProjectConfigurator - Adding source folder /KnowledgeAccelerator/src
2020-04-08 09:04:15,432 [Worker-25: Enabling Maven Dependency Management] INFO  o.e.m.j.i.AbstractJavaProjectConfigurator - Not adding source folder /KnowledgeAccelerator/src/test/java because it overlaps with /KnowledgeAccelerator/src
2020-04-08 09:04:15,816 [Worker-25: Enabling Maven Dependency Management] INFO  o.e.m.w.i.f.ResourceFilteringBuildParticipant - Cleaning filtered folder for KnowledgeAccelerator
2020-04-08 09:04:15,830 [Worker-25: Enabling Maven Dependency Management] INFO  o.e.m.c.i.p.ProjectConfigurationManager - Update completed: 2 sec
2020-04-08 09:04:16,447 [Worker-17: Building] WARN  o.e.m.c.i.embedder.EclipseLogger - Using platform encoding (UTF-8 actually) to copy filtered resources, i.e. build is platform dependent!
2020-04-08 09:04:16,450 [Worker-17: Building] INFO  o.e.m.c.i.embedder.EclipseLogger - skip non existing resourceDirectory /Users/yuenfannie/JSFApplication/KnowledgeAccelerator/src/main/resources
2020-04-08 09:04:16,454 [Worker-17: Building] WARN  o.e.m.c.i.embedder.EclipseLogger - Using platform encoding (UTF-8 actually) to copy filtered resources, i.e. build is platform dependent!
2020-04-08 09:04:16,455 [Worker-17: Building] INFO  o.e.m.c.i.embedder.EclipseLogger - skip non existing resourceDirectory /Users/yuenfannie/JSFApplication/KnowledgeAccelerator/src/test/resources
2020-04-08 09:04:16,456 [Worker-17: Building] INFO  o.e.m.w.i.f.ResourceFilteringBuildParticipant - Changed resources require a complete clean of filtered resources of KnowledgeAccelerator
2020-04-08 09:04:16,456 [Worker-17: Building] INFO  o.e.m.w.i.f.ResourceFilteringBuildParticipant - Executing resource filtering for KnowledgeAccelerator
2020-04-08 09:04:16,462 [Worker-17: Building] WARN  o.e.m.c.i.embedder.EclipseLogger - Using platform encoding (UTF-8 actually) to copy filtered resources, i.e. build is platform dependent!
2020-04-08 09:04:44,279 [Worker-27: Building] INFO  o.e.m.c.i.l.LifecycleMappingFactory - Using org.maven.ide.eclipse.wtp.WarLifecycleMapping lifecycle mapping for MavenProject: KnowledgeAccelerator:KnowledgeAccelerator:0.0.1-SNAPSHOT @ /Users/yuenfannie/JSFApplication/KnowledgeAccelerator/pom.xml.
2020-04-08 09:04:45,154 [Worker-27: Building] WARN  o.e.m.c.i.embedder.EclipseLogger - Using platform encoding (UTF-8 actually) to copy filtered resources, i.e. build is platform dependent!
2020-04-08 09:04:45,155 [Worker-27: Building] INFO  o.e.m.c.i.embedder.EclipseLogger - skip non existing resourceDirectory /Users/yuenfannie/JSFApplication/KnowledgeAccelerator/src/main/resources
2020-04-08 09:04:45,157 [Worker-27: Building] WARN  o.e.m.c.i.embedder.EclipseLogger - Using platform encoding (UTF-8 actually) to copy filtered resources, i.e. build is platform dependent!
2020-04-08 09:04:45,158 [Worker-27: Building] INFO  o.e.m.c.i.embedder.EclipseLogger - skip non existing resourceDirectory /Users/yuenfannie/JSFApplication/KnowledgeAccelerator/src/test/resources
2020-04-08 09:04:45,158 [Worker-27: Building] INFO  o.e.m.w.i.f.ResourceFilteringBuildParticipant - Changed resources require a complete clean of filtered resources of KnowledgeAccelerator
2020-04-08 09:04:45,159 [Worker-27: Building] INFO  o.e.m.w.i.f.ResourceFilteringBuildParticipant - Executing resource filtering for KnowledgeAccelerator
2020-04-08 09:04:45,162 [Worker-27: Building] WARN  o.e.m.c.i.embedder.EclipseLogger - Using platform encoding (UTF-8 actually) to copy filtered resources, i.e. build is platform dependent!
2020-04-18 17:44:45,877 [Worker-5: Loading available Gradle versions] INFO  o.e.b.c.i.u.g.PublishedGradleVersions - Gradle version information cache is out-of-date. Trying to update.
2020-04-18 17:44:54,491 [Worker-11: Building] WARN  o.e.m.c.i.embedder.EclipseLogger - Using platform encoding (UTF-8 actually) to copy filtered resources, i.e. build is platform dependent!
2020-04-18 17:44:54,513 [Worker-11: Building] INFO  o.e.m.c.i.embedder.EclipseLogger - skip non existing resourceDirectory /Users/yuenfannie/JSFApplication/KnowledgeAccelerator/src/main/resources
2020-04-18 17:44:54,530 [Worker-11: Building] WARN  o.e.m.c.i.embedder.EclipseLogger - Using platform encoding (UTF-8 actually) to copy filtered resources, i.e. build is platform dependent!
2020-04-18 17:44:54,531 [Worker-11: Building] INFO  o.e.m.c.i.embedder.EclipseLogger - skip non existing resourceDirectory /Users/yuenfannie/JSFApplication/KnowledgeAccelerator/src/test/resources
2020-04-18 17:51:51,579 [Worker-11: Building] WARN  o.e.m.c.i.embedder.EclipseLogger - Using platform encoding (UTF-8 actually) to copy filtered resources, i.e. build is platform dependent!
2020-04-18 17:51:51,584 [Worker-11: Building] INFO  o.e.m.c.i.embedder.EclipseLogger - skip non existing resourceDirectory /Users/yuenfannie/JSFApplication/KnowledgeAccelerator/src/main/resources
2020-04-18 17:51:51,587 [Worker-11: Building] WARN  o.e.m.c.i.embedder.EclipseLogger - Using platform encoding (UTF-8 actually) to copy filtered resources, i.e. build is platform dependent!
2020-04-18 17:51:51,588 [Worker-11: Building] INFO  o.e.m.c.i.embedder.EclipseLogger - skip non existing resourceDirectory /Users/yuenfannie/JSFApplication/KnowledgeAccelerator/src/test/resources
2020-04-18 17:52:10,403 [Worker-11: Building] WARN  o.e.m.c.i.embedder.EclipseLogger - Using platform encoding (UTF-8 actually) to copy filtered resources, i.e. build is platform dependent!
2020-04-18 17:52:10,405 [Worker-11: Building] INFO  o.e.m.c.i.embedder.EclipseLogger - skip non existing resourceDirectory /Users/yuenfannie/JSFApplication/KnowledgeAccelerator/src/main/resources
2020-04-18 17:52:10,408 [Worker-11: Building] WARN  o.e.m.c.i.embedder.EclipseLogger - Using platform encoding (UTF-8 actually) to copy filtered resources, i.e. build is platform dependent!
2020-04-18 17:52:10,408 [Worker-11: Building] INFO  o.e.m.c.i.embedder.EclipseLogger - skip non existing resourceDirectory /Users/yuenfannie/JSFApplication/KnowledgeAccelerator/src/test/resources
2020-04-18 17:52:34,202 [Worker-11: Building] WARN  o.e.m.c.i.embedder.EclipseLogger - Using platform encoding (UTF-8 actually) to copy filtered resources, i.e. build is platform dependent!
2020-04-18 17:52:34,204 [Worker-11: Building] INFO  o.e.m.c.i.embedder.EclipseLogger - skip non existing resourceDirectory /Users/yuenfannie/JSFApplication/KnowledgeAccelerator/src/main/resources
2020-04-18 17:52:34,206 [Worker-11: Building] WARN  o.e.m.c.i.embedder.EclipseLogger - Using platform encoding (UTF-8 actually) to copy filtered resources, i.e. build is platform dependent!
2020-04-18 17:52:34,207 [Worker-11: Building] INFO  o.e.m.c.i.embedder.EclipseLogger - skip non existing resourceDirectory /Users/yuenfannie/JSFApplication/KnowledgeAccelerator/src/test/resources
2020-04-18 17:52:44,402 [Worker-21: Building] WARN  o.e.m.c.i.embedder.EclipseLogger - Using platform encoding (UTF-8 actually) to copy filtered resources, i.e. build is platform dependent!
2020-04-18 17:52:44,407 [Worker-21: Building] INFO  o.e.m.c.i.embedder.EclipseLogger - skip non existing resourceDirectory /Users/yuenfannie/JSFApplication/KnowledgeAccelerator/src/main/resources
2020-04-18 17:52:44,411 [Worker-21: Building] WARN  o.e.m.c.i.embedder.EclipseLogger - Using platform encoding (UTF-8 actually) to copy filtered resources, i.e. build is platform dependent!
2020-04-18 17:52:44,411 [Worker-21: Building] INFO  o.e.m.c.i.embedder.EclipseLogger - skip non existing resourceDirectory /Users/yuenfannie/JSFApplication/KnowledgeAccelerator/src/test/resources
2020-04-18 18:02:59,403 [Worker-20: Building] WARN  o.e.m.c.i.embedder.EclipseLogger - Using platform encoding (UTF-8 actually) to copy filtered resources, i.e. build is platform dependent!
2020-04-18 18:02:59,417 [Worker-20: Building] INFO  o.e.m.c.i.embedder.EclipseLogger - skip non existing resourceDirectory /Users/yuenfannie/JSFApplication/KnowledgeAccelerator/src/main/resources
2020-04-18 18:02:59,421 [Worker-20: Building] WARN  o.e.m.c.i.embedder.EclipseLogger - Using platform encoding (UTF-8 actually) to copy filtered resources, i.e. build is platform dependent!
2020-04-18 18:02:59,423 [Worker-20: Building] INFO  o.e.m.c.i.embedder.EclipseLogger - skip non existing resourceDirectory /Users/yuenfannie/JSFApplication/KnowledgeAccelerator/src/test/resources
2020-04-18 18:03:48,915 [Worker-11: Building] WARN  o.e.m.c.i.embedder.EclipseLogger - Using platform encoding (UTF-8 actually) to copy filtered resources, i.e. build is platform dependent!
2020-04-18 18:03:48,917 [Worker-11: Building] INFO  o.e.m.c.i.embedder.EclipseLogger - skip non existing resourceDirectory /Users/yuenfannie/JSFApplication/KnowledgeAccelerator/src/main/resources
2020-04-18 18:03:48,921 [Worker-11: Building] WARN  o.e.m.c.i.embedder.EclipseLogger - Using platform encoding (UTF-8 actually) to copy filtered resources, i.e. build is platform dependent!
2020-04-18 18:03:48,922 [Worker-11: Building] INFO  o.e.m.c.i.embedder.EclipseLogger - skip non existing resourceDirectory /Users/yuenfannie/JSFApplication/KnowledgeAccelerator/src/test/resources
2020-04-18 18:04:44,965 [Worker-23: Building] WARN  o.e.m.c.i.embedder.EclipseLogger - Using platform encoding (UTF-8 actually) to copy filtered resources, i.e. build is platform dependent!
2020-04-18 18:04:44,968 [Worker-23: Building] INFO  o.e.m.c.i.embedder.EclipseLogger - skip non existing resourceDirectory /Users/yuenfannie/JSFApplication/KnowledgeAccelerator/src/main/resources
2020-04-18 18:04:44,973 [Worker-23: Building] WARN  o.e.m.c.i.embedder.EclipseLogger - Using platform encoding (UTF-8 actually) to copy filtered resources, i.e. build is platform dependent!
2020-04-18 18:04:44,974 [Worker-23: Building] INFO  o.e.m.c.i.embedder.EclipseLogger - skip non existing resourceDirectory /Users/yuenfannie/JSFApplication/KnowledgeAccelerator/src/test/resources
2020-04-18 18:05:11,989 [Worker-24: Building] WARN  o.e.m.c.i.embedder.EclipseLogger - Using platform encoding (UTF-8 actually) to copy filtered resources, i.e. build is platform dependent!
2020-04-18 18:05:11,991 [Worker-24: Building] INFO  o.e.m.c.i.embedder.EclipseLogger - skip non existing resourceDirectory /Users/yuenfannie/JSFApplication/KnowledgeAccelerator/src/main/resources
2020-04-18 18:05:11,996 [Worker-24: Building] WARN  o.e.m.c.i.embedder.EclipseLogger - Using platform encoding (UTF-8 actually) to copy filtered resources, i.e. build is platform dependent!
2020-04-18 18:05:11,997 [Worker-24: Building] INFO  o.e.m.c.i.embedder.EclipseLogger - skip non existing resourceDirectory /Users/yuenfannie/JSFApplication/KnowledgeAccelerator/src/test/resources
2020-04-18 18:05:56,980 [Worker-25: Building] WARN  o.e.m.c.i.embedder.EclipseLogger - Using platform encoding (UTF-8 actually) to copy filtered resources, i.e. build is platform dependent!
2020-04-18 18:05:56,983 [Worker-25: Building] INFO  o.e.m.c.i.embedder.EclipseLogger - skip non existing resourceDirectory /Users/yuenfannie/JSFApplication/KnowledgeAccelerator/src/main/resources
2020-04-18 18:05:56,986 [Worker-25: Building] WARN  o.e.m.c.i.embedder.EclipseLogger - Using platform encoding (UTF-8 actually) to copy filtered resources, i.e. build is platform dependent!
2020-04-18 18:05:56,987 [Worker-25: Building] INFO  o.e.m.c.i.embedder.EclipseLogger - skip non existing resourceDirectory /Users/yuenfannie/JSFApplication/KnowledgeAccelerator/src/test/resources
2020-04-18 18:06:16,871 [Worker-20: Building] WARN  o.e.m.c.i.embedder.EclipseLogger - Using platform encoding (UTF-8 actually) to copy filtered resources, i.e. build is platform dependent!
2020-04-18 18:06:16,873 [Worker-20: Building] INFO  o.e.m.c.i.embedder.EclipseLogger - skip non existing resourceDirectory /Users/yuenfannie/JSFApplication/KnowledgeAccelerator/src/main/resources
2020-04-18 18:06:16,880 [Worker-20: Building] WARN  o.e.m.c.i.embedder.EclipseLogger - Using platform encoding (UTF-8 actually) to copy filtered resources, i.e. build is platform dependent!
2020-04-18 18:06:16,881 [Worker-20: Building] INFO  o.e.m.c.i.embedder.EclipseLogger - skip non existing resourceDirectory /Users/yuenfannie/JSFApplication/KnowledgeAccelerator/src/test/resources
2020-04-18 18:10:52,159 [Worker-25: Building] WARN  o.e.m.c.i.embedder.EclipseLogger - Using platform encoding (UTF-8 actually) to copy filtered resources, i.e. build is platform dependent!
2020-04-18 18:10:52,169 [Worker-25: Building] INFO  o.e.m.c.i.embedder.EclipseLogger - skip non existing resourceDirectory /Users/yuenfannie/JSFApplication/KnowledgeAccelerator/src/main/resources
2020-04-18 18:10:52,172 [Worker-25: Building] WARN  o.e.m.c.i.embedder.EclipseLogger - Using platform encoding (UTF-8 actually) to copy filtered resources, i.e. build is platform dependent!
2020-04-18 18:10:52,173 [Worker-25: Building] INFO  o.e.m.c.i.embedder.EclipseLogger - skip non existing resourceDirectory /Users/yuenfannie/JSFApplication/KnowledgeAccelerator/src/test/resources
2020-04-18 18:14:40,290 [Worker-31: Building] WARN  o.e.m.c.i.embedder.EclipseLogger - Using platform encoding (UTF-8 actually) to copy filtered resources, i.e. build is platform dependent!
2020-04-18 18:14:40,295 [Worker-31: Building] INFO  o.e.m.c.i.embedder.EclipseLogger - skip non existing resourceDirectory /Users/yuenfannie/JSFApplication/KnowledgeAccelerator/src/main/resources
2020-04-18 18:14:40,299 [Worker-31: Building] WARN  o.e.m.c.i.embedder.EclipseLogger - Using platform encoding (UTF-8 actually) to copy filtered resources, i.e. build is platform dependent!
2020-04-18 18:14:40,300 [Worker-31: Building] INFO  o.e.m.c.i.embedder.EclipseLogger - skip non existing resourceDirectory /Users/yuenfannie/JSFApplication/KnowledgeAccelerator/src/test/resources
2020-04-18 18:15:14,185 [Worker-20: Building] WARN  o.e.m.c.i.embedder.EclipseLogger - Using platform encoding (UTF-8 actually) to copy filtered resources, i.e. build is platform dependent!
2020-04-18 18:15:14,188 [Worker-20: Building] INFO  o.e.m.c.i.embedder.EclipseLogger - skip non existing resourceDirectory /Users/yuenfannie/JSFApplication/KnowledgeAccelerator/src/main/resources
2020-04-18 18:15:14,189 [Worker-20: Building] WARN  o.e.m.c.i.embedder.EclipseLogger - Using platform encoding (UTF-8 actually) to copy filtered resources, i.e. build is platform dependent!
2020-04-18 18:15:14,191 [Worker-20: Building] INFO  o.e.m.c.i.embedder.EclipseLogger - skip non existing resourceDirectory /Users/yuenfannie/JSFApplication/KnowledgeAccelerator/src/test/resources
2020-04-18 18:18:08,264 [Worker-25: Building] WARN  o.e.m.c.i.embedder.EclipseLogger - Using platform encoding (UTF-8 actually) to copy filtered resources, i.e. build is platform dependent!
2020-04-18 18:18:08,266 [Worker-25: Building] INFO  o.e.m.c.i.embedder.EclipseLogger - skip non existing resourceDirectory /Users/yuenfannie/JSFApplication/KnowledgeAccelerator/src/main/resources
2020-04-18 18:18:08,270 [Worker-25: Building] WARN  o.e.m.c.i.embedder.EclipseLogger - Using platform encoding (UTF-8 actually) to copy filtered resources, i.e. build is platform dependent!
2020-04-18 18:18:08,271 [Worker-25: Building] INFO  o.e.m.c.i.embedder.EclipseLogger - skip non existing resourceDirectory /Users/yuenfannie/JSFApplication/KnowledgeAccelerator/src/test/resources
2020-04-18 18:19:59,988 [Worker-37: Building] WARN  o.e.m.c.i.embedder.EclipseLogger - Using platform encoding (UTF-8 actually) to copy filtered resources, i.e. build is platform dependent!
2020-04-18 18:19:59,991 [Worker-37: Building] INFO  o.e.m.c.i.embedder.EclipseLogger - skip non existing resourceDirectory /Users/yuenfannie/JSFApplication/KnowledgeAccelerator/src/main/resources
2020-04-18 18:19:59,994 [Worker-37: Building] WARN  o.e.m.c.i.embedder.EclipseLogger - Using platform encoding (UTF-8 actually) to copy filtered resources, i.e. build is platform dependent!
2020-04-18 18:19:59,995 [Worker-37: Building] INFO  o.e.m.c.i.embedder.EclipseLogger - skip non existing resourceDirectory /Users/yuenfannie/JSFApplication/KnowledgeAccelerator/src/test/resources
2020-04-18 18:22:12,122 [Worker-38: Building] WARN  o.e.m.c.i.embedder.EclipseLogger - Using platform encoding (UTF-8 actually) to copy filtered resources, i.e. build is platform dependent!
2020-04-18 18:22:12,127 [Worker-38: Building] INFO  o.e.m.c.i.embedder.EclipseLogger - skip non existing resourceDirectory /Users/yuenfannie/JSFApplication/KnowledgeAccelerator/src/main/resources
2020-04-18 18:22:12,129 [Worker-38: Building] WARN  o.e.m.c.i.embedder.EclipseLogger - Using platform encoding (UTF-8 actually) to copy filtered resources, i.e. build is platform dependent!
2020-04-18 18:22:12,130 [Worker-38: Building] INFO  o.e.m.c.i.embedder.EclipseLogger - skip non existing resourceDirectory /Users/yuenfannie/JSFApplication/KnowledgeAccelerator/src/test/resources
2020-04-18 18:59:27,578 [Worker-58: Building] WARN  o.e.m.c.i.embedder.EclipseLogger - Using platform encoding (UTF-8 actually) to copy filtered resources, i.e. build is platform dependent!
2020-04-18 18:59:27,582 [Worker-58: Building] INFO  o.e.m.c.i.embedder.EclipseLogger - skip non existing resourceDirectory /Users/yuenfannie/JSFApplication/KnowledgeAccelerator/src/main/resources
2020-04-18 18:59:27,584 [Worker-58: Building] WARN  o.e.m.c.i.embedder.EclipseLogger - Using platform encoding (UTF-8 actually) to copy filtered resources, i.e. build is platform dependent!
2020-04-18 18:59:27,585 [Worker-58: Building] INFO  o.e.m.c.i.embedder.EclipseLogger - skip non existing resourceDirectory /Users/yuenfannie/JSFApplication/KnowledgeAccelerator/src/test/resources
2020-04-18 19:09:26,541 [Worker-61: Building] WARN  o.e.m.c.i.embedder.EclipseLogger - Using platform encoding (UTF-8 actually) to copy filtered resources, i.e. build is platform dependent!
2020-04-18 19:09:26,545 [Worker-61: Building] INFO  o.e.m.c.i.embedder.EclipseLogger - skip non existing resourceDirectory /Users/yuenfannie/JSFApplication/KnowledgeAccelerator/src/main/resources
2020-04-18 19:09:26,547 [Worker-61: Building] WARN  o.e.m.c.i.embedder.EclipseLogger - Using platform encoding (UTF-8 actually) to copy filtered resources, i.e. build is platform dependent!
2020-04-18 19:09:26,548 [Worker-61: Building] INFO  o.e.m.c.i.embedder.EclipseLogger - skip non existing resourceDirectory /Users/yuenfannie/JSFApplication/KnowledgeAccelerator/src/test/resources
2020-04-18 19:16:52,753 [Worker-67: Building] WARN  o.e.m.c.i.embedder.EclipseLogger - Using platform encoding (UTF-8 actually) to copy filtered resources, i.e. build is platform dependent!
2020-04-18 19:16:52,759 [Worker-67: Building] INFO  o.e.m.c.i.embedder.EclipseLogger - skip non existing resourceDirectory /Users/yuenfannie/JSFApplication/KnowledgeAccelerator/src/main/resources
2020-04-18 19:16:52,761 [Worker-67: Building] WARN  o.e.m.c.i.embedder.EclipseLogger - Using platform encoding (UTF-8 actually) to copy filtered resources, i.e. build is platform dependent!
2020-04-18 19:16:52,762 [Worker-67: Building] INFO  o.e.m.c.i.embedder.EclipseLogger - skip non existing resourceDirectory /Users/yuenfannie/JSFApplication/KnowledgeAccelerator/src/test/resources
2020-04-18 19:17:14,137 [Worker-61: Building] WARN  o.e.m.c.i.embedder.EclipseLogger - Using platform encoding (UTF-8 actually) to copy filtered resources, i.e. build is platform dependent!
2020-04-18 19:17:14,145 [Worker-61: Building] INFO  o.e.m.c.i.embedder.EclipseLogger - skip non existing resourceDirectory /Users/yuenfannie/JSFApplication/KnowledgeAccelerator/src/main/resources
2020-04-18 19:17:14,147 [Worker-61: Building] WARN  o.e.m.c.i.embedder.EclipseLogger - Using platform encoding (UTF-8 actually) to copy filtered resources, i.e. build is platform dependent!
2020-04-18 19:17:14,148 [Worker-61: Building] INFO  o.e.m.c.i.embedder.EclipseLogger - skip non existing resourceDirectory /Users/yuenfannie/JSFApplication/KnowledgeAccelerator/src/test/resources
2020-04-18 19:29:12,132 [Worker-69: Building] WARN  o.e.m.c.i.embedder.EclipseLogger - Using platform encoding (UTF-8 actually) to copy filtered resources, i.e. build is platform dependent!
2020-04-18 19:29:12,135 [Worker-69: Building] INFO  o.e.m.c.i.embedder.EclipseLogger - skip non existing resourceDirectory /Users/yuenfannie/JSFApplication/KnowledgeAccelerator/src/main/resources
2020-04-18 19:29:12,138 [Worker-69: Building] WARN  o.e.m.c.i.embedder.EclipseLogger - Using platform encoding (UTF-8 actually) to copy filtered resources, i.e. build is platform dependent!
2020-04-18 19:29:12,139 [Worker-69: Building] INFO  o.e.m.c.i.embedder.EclipseLogger - skip non existing resourceDirectory /Users/yuenfannie/JSFApplication/KnowledgeAccelerator/src/test/resources
2020-04-18 19:41:36,291 [Worker-83: Building] WARN  o.e.m.c.i.embedder.EclipseLogger - Using platform encoding (UTF-8 actually) to copy filtered resources, i.e. build is platform dependent!
2020-04-18 19:41:36,304 [Worker-83: Building] INFO  o.e.m.c.i.embedder.EclipseLogger - skip non existing resourceDirectory /Users/yuenfannie/JSFApplication/KnowledgeAccelerator/src/main/resources
2020-04-18 19:41:36,307 [Worker-83: Building] WARN  o.e.m.c.i.embedder.EclipseLogger - Using platform encoding (UTF-8 actually) to copy filtered resources, i.e. build is platform dependent!
2020-04-18 19:41:36,310 [Worker-83: Building] INFO  o.e.m.c.i.embedder.EclipseLogger - skip non existing resourceDirectory /Users/yuenfannie/JSFApplication/KnowledgeAccelerator/src/test/resources
2020-04-18 19:43:04,315 [Worker-82: Building] WARN  o.e.m.c.i.embedder.EclipseLogger - Using platform encoding (UTF-8 actually) to copy filtered resources, i.e. build is platform dependent!
2020-04-18 19:43:04,316 [Worker-82: Building] INFO  o.e.m.c.i.embedder.EclipseLogger - skip non existing resourceDirectory /Users/yuenfannie/JSFApplication/KnowledgeAccelerator/src/main/resources
2020-04-18 19:43:04,320 [Worker-82: Building] WARN  o.e.m.c.i.embedder.EclipseLogger - Using platform encoding (UTF-8 actually) to copy filtered resources, i.e. build is platform dependent!
2020-04-18 19:43:04,321 [Worker-82: Building] INFO  o.e.m.c.i.embedder.EclipseLogger - skip non existing resourceDirectory /Users/yuenfannie/JSFApplication/KnowledgeAccelerator/src/test/resources
2020-04-18 19:45:27,112 [Worker-82: Building] WARN  o.e.m.c.i.embedder.EclipseLogger - Using platform encoding (UTF-8 actually) to copy filtered resources, i.e. build is platform dependent!
2020-04-18 19:45:27,113 [Worker-82: Building] INFO  o.e.m.c.i.embedder.EclipseLogger - skip non existing resourceDirectory /Users/yuenfannie/JSFApplication/KnowledgeAccelerator/src/main/resources
2020-04-18 19:45:27,117 [Worker-82: Building] WARN  o.e.m.c.i.embedder.EclipseLogger - Using platform encoding (UTF-8 actually) to copy filtered resources, i.e. build is platform dependent!
2020-04-18 19:45:27,120 [Worker-82: Building] INFO  o.e.m.c.i.embedder.EclipseLogger - skip non existing resourceDirectory /Users/yuenfannie/JSFApplication/KnowledgeAccelerator/src/test/resources
2020-04-18 19:47:23,629 [Worker-87: Building] WARN  o.e.m.c.i.embedder.EclipseLogger - Using platform encoding (UTF-8 actually) to copy filtered resources, i.e. build is platform dependent!
2020-04-18 19:47:23,631 [Worker-87: Building] INFO  o.e.m.c.i.embedder.EclipseLogger - skip non existing resourceDirectory /Users/yuenfannie/JSFApplication/KnowledgeAccelerator/src/main/resources
2020-04-18 19:47:23,634 [Worker-87: Building] WARN  o.e.m.c.i.embedder.EclipseLogger - Using platform encoding (UTF-8 actually) to copy filtered resources, i.e. build is platform dependent!
2020-04-18 19:47:23,634 [Worker-87: Building] INFO  o.e.m.c.i.embedder.EclipseLogger - skip non existing resourceDirectory /Users/yuenfannie/JSFApplication/KnowledgeAccelerator/src/test/resources
2020-04-18 19:51:59,016 [Worker-73: Building] WARN  o.e.m.c.i.embedder.EclipseLogger - Using platform encoding (UTF-8 actually) to copy filtered resources, i.e. build is platform dependent!
2020-04-18 19:51:59,018 [Worker-73: Building] INFO  o.e.m.c.i.embedder.EclipseLogger - skip non existing resourceDirectory /Users/yuenfannie/JSFApplication/KnowledgeAccelerator/src/main/resources
2020-04-18 19:51:59,020 [Worker-73: Building] WARN  o.e.m.c.i.embedder.EclipseLogger - Using platform encoding (UTF-8 actually) to copy filtered resources, i.e. build is platform dependent!
2020-04-18 19:51:59,020 [Worker-73: Building] INFO  o.e.m.c.i.embedder.EclipseLogger - skip non existing resourceDirectory /Users/yuenfannie/JSFApplication/KnowledgeAccelerator/src/test/resources
2020-04-18 20:05:14,281 [Worker-89: Building Project KnowledgeAccelerator] WARN  o.e.m.c.i.embedder.EclipseLogger - Using platform encoding (UTF-8 actually) to copy filtered resources, i.e. build is platform dependent!
2020-04-18 20:05:14,283 [Worker-89: Building Project KnowledgeAccelerator] INFO  o.e.m.c.i.embedder.EclipseLogger - skip non existing resourceDirectory /Users/yuenfannie/JSFApplication/KnowledgeAccelerator/src/main/resources
2020-04-18 20:05:14,284 [Worker-89: Building Project KnowledgeAccelerator] WARN  o.e.m.c.i.embedder.EclipseLogger - Using platform encoding (UTF-8 actually) to copy filtered resources, i.e. build is platform dependent!
2020-04-18 20:05:14,286 [Worker-89: Building Project KnowledgeAccelerator] INFO  o.e.m.c.i.embedder.EclipseLogger - skip non existing resourceDirectory /Users/yuenfannie/JSFApplication/KnowledgeAccelerator/src/test/resources
2020-04-18 20:05:26,936 [Worker-89: Building] WARN  o.e.m.c.i.embedder.EclipseLogger - Using platform encoding (UTF-8 actually) to copy filtered resources, i.e. build is platform dependent!
2020-04-18 20:05:26,937 [Worker-89: Building] INFO  o.e.m.c.i.embedder.EclipseLogger - skip non existing resourceDirectory /Users/yuenfannie/JSFApplication/KnowledgeAccelerator/src/main/resources
2020-04-18 20:05:26,938 [Worker-89: Building] WARN  o.e.m.c.i.embedder.EclipseLogger - Using platform encoding (UTF-8 actually) to copy filtered resources, i.e. build is platform dependent!
2020-04-18 20:05:26,939 [Worker-89: Building] INFO  o.e.m.c.i.embedder.EclipseLogger - skip non existing resourceDirectory /Users/yuenfannie/JSFApplication/KnowledgeAccelerator/src/test/resources
2020-04-18 20:06:16,742 [Worker-91: Building] WARN  o.e.m.c.i.embedder.EclipseLogger - Using platform encoding (UTF-8 actually) to copy filtered resources, i.e. build is platform dependent!
2020-04-18 20:06:16,743 [Worker-91: Building] INFO  o.e.m.c.i.embedder.EclipseLogger - skip non existing resourceDirectory /Users/yuenfannie/JSFApplication/KnowledgeAccelerator/src/main/resources
2020-04-18 20:06:16,745 [Worker-91: Building] WARN  o.e.m.c.i.embedder.EclipseLogger - Using platform encoding (UTF-8 actually) to copy filtered resources, i.e. build is platform dependent!
2020-04-18 20:06:16,746 [Worker-91: Building] INFO  o.e.m.c.i.embedder.EclipseLogger - skip non existing resourceDirectory /Users/yuenfannie/JSFApplication/KnowledgeAccelerator/src/test/resources
2020-04-18 20:06:38,531 [Worker-93: Cleaning all projects] INFO  o.e.m.w.i.f.ResourceFilteringBuildParticipant - Cleaning filtered folder for KnowledgeAccelerator
2020-04-18 20:06:38,750 [Worker-93: Building] WARN  o.e.m.c.i.embedder.EclipseLogger - Using platform encoding (UTF-8 actually) to copy filtered resources, i.e. build is platform dependent!
2020-04-18 20:06:38,751 [Worker-93: Building] INFO  o.e.m.c.i.embedder.EclipseLogger - skip non existing resourceDirectory /Users/yuenfannie/JSFApplication/KnowledgeAccelerator/src/main/resources
2020-04-18 20:06:38,754 [Worker-93: Building] WARN  o.e.m.c.i.embedder.EclipseLogger - Using platform encoding (UTF-8 actually) to copy filtered resources, i.e. build is platform dependent!
2020-04-18 20:06:38,754 [Worker-93: Building] INFO  o.e.m.c.i.embedder.EclipseLogger - skip non existing resourceDirectory /Users/yuenfannie/JSFApplication/KnowledgeAccelerator/src/test/resources
2020-04-18 20:06:38,755 [Worker-93: Building] INFO  o.e.m.w.i.f.ResourceFilteringBuildParticipant - Changed resources require a complete clean of filtered resources of KnowledgeAccelerator
2020-04-18 20:06:38,756 [Worker-93: Building] INFO  o.e.m.w.i.f.ResourceFilteringBuildParticipant - Executing resource filtering for KnowledgeAccelerator
2020-04-18 20:06:38,809 [Worker-93: Building] WARN  o.e.m.c.i.embedder.EclipseLogger - The POM for org.apache.maven.plugins:maven-clean-plugin:jar:2.5 is missing, no dependency information available
2020-04-18 20:06:38,824 [Worker-93: Building] WARN  o.e.m.c.i.embedder.EclipseLogger - Using platform encoding (UTF-8 actually) to copy filtered resources, i.e. build is platform dependent!
2020-04-18 20:09:18,062 [Worker-90: Building] WARN  o.e.m.c.i.embedder.EclipseLogger - Using platform encoding (UTF-8 actually) to copy filtered resources, i.e. build is platform dependent!
2020-04-18 20:09:18,064 [Worker-90: Building] INFO  o.e.m.c.i.embedder.EclipseLogger - skip non existing resourceDirectory /Users/yuenfannie/JSFApplication/KnowledgeAccelerator/src/main/resources
2020-04-18 20:09:18,066 [Worker-90: Building] WARN  o.e.m.c.i.embedder.EclipseLogger - Using platform encoding (UTF-8 actually) to copy filtered resources, i.e. build is platform dependent!
2020-04-18 20:09:18,066 [Worker-90: Building] INFO  o.e.m.c.i.embedder.EclipseLogger - skip non existing resourceDirectory /Users/yuenfannie/JSFApplication/KnowledgeAccelerator/src/test/resources
2020-04-18 20:10:50,260 [Worker-9: Loading available Gradle versions] INFO  o.e.b.c.i.u.g.PublishedGradleVersions - Gradle version information cache is up-to-date. Trying to read.
2020-04-18 20:10:57,781 [Worker-11: Building] WARN  o.e.m.c.i.embedder.EclipseLogger - Using platform encoding (UTF-8 actually) to copy filtered resources, i.e. build is platform dependent!
2020-04-18 20:10:57,794 [Worker-11: Building] INFO  o.e.m.c.i.embedder.EclipseLogger - skip non existing resourceDirectory /Users/yuenfannie/JSFApplication/KnowledgeAccelerator/src/main/resources
2020-04-18 20:10:57,809 [Worker-11: Building] WARN  o.e.m.c.i.embedder.EclipseLogger - Using platform encoding (UTF-8 actually) to copy filtered resources, i.e. build is platform dependent!
2020-04-18 20:10:57,846 [Worker-11: Building] INFO  o.e.m.c.i.embedder.EclipseLogger - skip non existing resourceDirectory /Users/yuenfannie/JSFApplication/KnowledgeAccelerator/src/test/resources
2023-10-11 14:10:04,205 [Worker-8: Loading available Gradle versions] INFO  o.e.b.c.i.u.g.PublishedGradleVersions - Gradle version information cache is out-of-date. Trying to update.
2023-10-11 14:10:07,927 [Worker-4: Building] WARN  org.eclipse.jgit.util.FS - Exception caught during execution of command '[git, --version]' in '/usr/bin', return code '72', error message 'git: error: unable to read SDK settings for '/Library/Developer/CommandLineTools/SDKs/MacOSX.sdk'
git: error: unable to read SDK settings for '/Library/Developer/CommandLineTools/SDKs/MacOSX.sdk'
sh: line 1:  7223 Bus error: 10           /Applications/Xcode.app/Contents/Developer/usr/bin/xcodebuild -sdk /Applications/Xcode.app/Contents/Developer/Platforms/MacOSX.platform/Developer/SDKs/MacOSX10.14.sdk -find git 2> /dev/null
git: error: unable to find utility "git", not a developer tool or in PATH
'
2023-10-11 14:10:11,021 [Worker-14: Building] WARN  o.e.m.c.i.embedder.EclipseLogger - Using platform encoding (UTF-8 actually) to copy filtered resources, i.e. build is platform dependent!
2023-10-11 14:10:11,022 [Worker-14: Building] INFO  o.e.m.c.i.embedder.EclipseLogger - skip non existing resourceDirectory /Users/yuenfannie/JSFApplication/KnowledgeAccelerator/src/main/resources
2023-10-11 14:10:11,028 [Worker-14: Building] WARN  o.e.m.c.i.embedder.EclipseLogger - Using platform encoding (UTF-8 actually) to copy filtered resources, i.e. build is platform dependent!
2023-10-11 14:10:11,029 [Worker-14: Building] INFO  o.e.m.c.i.embedder.EclipseLogger - skip non existing resourceDirectory /Users/yuenfannie/JSFApplication/KnowledgeAccelerator/src/test/resources
